2019-02-27 10:44:58.346 [ INFO] [11493-(main)] [org.springframework.boot.web.servlet.context.AnnotationConfigServletWebServerApplicationContext] :  : Refreshing org.springframework.boot.web.servlet.context.AnnotationConfigServletWebServerApplicationContext@5528a42c: startup date [Wed Feb 27 10:44:58 IST 2019]; root of context hierarchy
2019-02-27 10:44:59.370 [ INFO] [11493-(main)] [org.springframework.context.support.PostProcessorRegistrationDelegate$BeanPostProcessorChecker] :  : Bean 'org.springframework.hateoas.config.HateoasConfiguration' of type [org.springframework.hateoas.config.HateoasConfiguration$$EnhancerBySpringCGLIB$$2d0a8faf] is not eligible for getting processed by all BeanPostProcessors (for example: not eligible for auto-proxying)
2019-02-27 10:44:59.818 [ INFO] [11493-(main)] [org.springframework.boot.web.embedded.tomcat.TomcatWebServer] :  : Tomcat initialized with port(s): 9091 (http)
2019-02-27 10:44:59.945 [ INFO] [11493-(localhost-startStop-1)] [org.springframework.web.context.ContextLoader] :  : Root WebApplicationContext: initialization completed in 1601 ms
2019-02-27 10:45:00.510 [ INFO] [11493-(localhost-startStop-1)] [org.springframework.boot.web.servlet.FilterRegistrationBean] :  : Mapping filter: 'characterEncodingFilter' to: [/*]
2019-02-27 10:45:00.510 [ INFO] [11493-(localhost-startStop-1)] [org.springframework.boot.web.servlet.FilterRegistrationBean] :  : Mapping filter: 'webMvcMetricsFilter' to: [/*]
2019-02-27 10:45:00.510 [ INFO] [11493-(localhost-startStop-1)] [org.springframework.boot.web.servlet.FilterRegistrationBean] :  : Mapping filter: 'hiddenHttpMethodFilter' to: [/*]
2019-02-27 10:45:00.510 [ INFO] [11493-(localhost-startStop-1)] [org.springframework.boot.web.servlet.FilterRegistrationBean] :  : Mapping filter: 'httpPutFormContentFilter' to: [/*]
2019-02-27 10:45:00.511 [ INFO] [11493-(localhost-startStop-1)] [org.springframework.boot.web.servlet.FilterRegistrationBean] :  : Mapping filter: 'requestContextFilter' to: [/*]
2019-02-27 10:45:00.511 [ INFO] [11493-(localhost-startStop-1)] [org.springframework.boot.web.servlet.FilterRegistrationBean] :  : Mapping filter: 'httpTraceFilter' to: [/*]
2019-02-27 10:45:00.511 [ INFO] [11493-(localhost-startStop-1)] [org.springframework.boot.web.servlet.ServletRegistrationBean] :  : Servlet dispatcherServlet mapped to [/]
2019-02-27 10:45:00.628 [ INFO] [11493-(main)] [org.springframework.web.servlet.handler.SimpleUrlHandlerMapping] :  : Mapped URL path [/**/favicon.ico] onto handler of type [class org.springframework.web.servlet.resource.ResourceHttpRequestHandler]
2019-02-27 10:45:00.832 [ INFO] [11493-(main)] [org.springframework.web.servlet.mvc.method.annotation.RequestMappingHandlerAdapter] :  : Looking for @ControllerAdvice: org.springframework.boot.web.servlet.context.AnnotationConfigServletWebServerApplicationContext@5528a42c: startup date [Wed Feb 27 10:44:58 IST 2019]; root of context hierarchy
2019-02-27 10:45:00.901 [ INFO] [11493-(main)] [org.springframework.web.servlet.mvc.method.annotation.RequestMappingHandlerMapping] :  : Mapped "{[/producer],methods=[GET]}" onto public org.springframework.http.ResponseEntity<java.lang.String> com.servicemesh.producer.ProducerCustomerController.getCustomerDetails()
2019-02-27 10:45:00.906 [ INFO] [11493-(main)] [org.springframework.web.servlet.mvc.method.annotation.RequestMappingHandlerMapping] :  : Mapped "{[/error]}" onto public org.springframework.http.ResponseEntity<java.util.Map<java.lang.String, java.lang.Object>> org.springframework.boot.autoconfigure.web.servlet.error.BasicErrorController.error(javax.servlet.http.HttpServletRequest)
2019-02-27 10:45:00.908 [ INFO] [11493-(main)] [org.springframework.web.servlet.mvc.method.annotation.RequestMappingHandlerMapping] :  : Mapped "{[/error],produces=[text/html]}" onto public org.springframework.web.servlet.ModelAndView org.springframework.boot.autoconfigure.web.servlet.error.BasicErrorController.errorHtml(javax.servlet.http.HttpServletRequest,javax.servlet.http.HttpServletResponse)
2019-02-27 10:45:00.936 [ INFO] [11493-(main)] [org.springframework.web.servlet.handler.SimpleUrlHandlerMapping] :  : Mapped URL path [/webjars/**] onto handler of type [class org.springframework.web.servlet.resource.ResourceHttpRequestHandler]
2019-02-27 10:45:00.936 [ INFO] [11493-(main)] [org.springframework.web.servlet.handler.SimpleUrlHandlerMapping] :  : Mapped URL path [/**] onto handler of type [class org.springframework.web.servlet.resource.ResourceHttpRequestHandler]
2019-02-27 10:45:01.237 [ INFO] [11493-(main)] [org.springframework.boot.actuate.endpoint.web.EndpointLinksResolver] :  : Exposing 4 endpoint(s) beneath base path '/actuator'
2019-02-27 10:45:01.246 [ INFO] [11493-(main)] [org.springframework.boot.actuate.endpoint.web.servlet.WebMvcEndpointHandlerMapping] :  : Mapped "{[/actuator/health],methods=[GET],produces=[application/vnd.spring-boot.actuator.v2+json || application/json]}" onto public java.lang.Object org.springframework.boot.actuate.endpoint.web.servlet.AbstractWebMvcEndpointHandlerMapping$OperationHandler.handle(javax.servlet.http.HttpServletRequest,java.util.Map<java.lang.String, java.lang.String>)
2019-02-27 10:45:01.247 [ INFO] [11493-(main)] [org.springframework.boot.actuate.endpoint.web.servlet.WebMvcEndpointHandlerMapping] :  : Mapped "{[/actuator/info],methods=[GET],produces=[application/vnd.spring-boot.actuator.v2+json || application/json]}" onto public java.lang.Object org.springframework.boot.actuate.endpoint.web.servlet.AbstractWebMvcEndpointHandlerMapping$OperationHandler.handle(javax.servlet.http.HttpServletRequest,java.util.Map<java.lang.String, java.lang.String>)
2019-02-27 10:45:01.247 [ INFO] [11493-(main)] [org.springframework.boot.actuate.endpoint.web.servlet.WebMvcEndpointHandlerMapping] :  : Mapped "{[/actuator/threaddump],methods=[GET],produces=[application/vnd.spring-boot.actuator.v2+json || application/json]}" onto public java.lang.Object org.springframework.boot.actuate.endpoint.web.servlet.AbstractWebMvcEndpointHandlerMapping$OperationHandler.handle(javax.servlet.http.HttpServletRequest,java.util.Map<java.lang.String, java.lang.String>)
2019-02-27 10:45:01.247 [ INFO] [11493-(main)] [org.springframework.boot.actuate.endpoint.web.servlet.WebMvcEndpointHandlerMapping] :  : Mapped "{[/actuator/metrics/{requiredMetricName}],methods=[GET],produces=[application/vnd.spring-boot.actuator.v2+json || application/json]}" onto public java.lang.Object org.springframework.boot.actuate.endpoint.web.servlet.AbstractWebMvcEndpointHandlerMapping$OperationHandler.handle(javax.servlet.http.HttpServletRequest,java.util.Map<java.lang.String, java.lang.String>)
2019-02-27 10:45:01.248 [ INFO] [11493-(main)] [org.springframework.boot.actuate.endpoint.web.servlet.WebMvcEndpointHandlerMapping] :  : Mapped "{[/actuator/metrics],methods=[GET],produces=[application/vnd.spring-boot.actuator.v2+json || application/json]}" onto public java.lang.Object org.springframework.boot.actuate.endpoint.web.servlet.AbstractWebMvcEndpointHandlerMapping$OperationHandler.handle(javax.servlet.http.HttpServletRequest,java.util.Map<java.lang.String, java.lang.String>)
2019-02-27 10:45:01.248 [ INFO] [11493-(main)] [org.springframework.boot.actuate.endpoint.web.servlet.WebMvcEndpointHandlerMapping] :  : Mapped "{[/actuator],methods=[GET],produces=[application/vnd.spring-boot.actuator.v2+json || application/json]}" onto protected java.util.Map<java.lang.String, java.util.Map<java.lang.String, org.springframework.boot.actuate.endpoint.web.Link>> org.springframework.boot.actuate.endpoint.web.servlet.WebMvcEndpointHandlerMapping.links(javax.servlet.http.HttpServletRequest,javax.servlet.http.HttpServletResponse)
2019-02-27 10:45:01.300 [ INFO] [11493-(main)] [org.springframework.jmx.export.annotation.AnnotationMBeanExporter] :  : Registering beans for JMX exposure on startup
2019-02-27 10:45:01.356 [ INFO] [11493-(main)] [org.springframework.boot.web.embedded.tomcat.TomcatWebServer] :  : Tomcat started on port(s): 9091 (http) with context path '/api/producerService'
2019-02-27 10:45:04.135 [ INFO] [11493-(Thread-5)] [org.springframework.boot.web.servlet.context.AnnotationConfigServletWebServerApplicationContext] :  : Closing org.springframework.boot.web.servlet.context.AnnotationConfigServletWebServerApplicationContext@5528a42c: startup date [Wed Feb 27 10:44:58 IST 2019]; root of context hierarchy
2019-02-27 10:45:04.151 [ INFO] [11493-(Thread-5)] [org.springframework.jmx.export.annotation.AnnotationMBeanExporter] :  : Unregistering JMX-exposed beans on shutdown
